0 info it worked if it ends with ok
1 verbose cli [ 'D:\\node.exe',
1 verbose cli   'D:\\node_modules\\npm\\bin\\npm-cli.js',
1 verbose cli   'start' ]
2 info using npm@3.10.10
3 info using node@v6.11.5
4 verbose run-script [ 'prestart', 'start', 'poststart' ]
5 info lifecycle bears-team-13@1.0.0~prestart: bears-team-13@1.0.0
6 silly lifecycle bears-team-13@1.0.0~prestart: no script for prestart, continuing
7 info lifecycle bears-team-13@1.0.0~start: bears-team-13@1.0.0
8 verbose lifecycle bears-team-13@1.0.0~start: unsafe-perm in lifecycle true
9 verbose lifecycle bears-team-13@1.0.0~start: PATH: D:\node_modules\npm\bin\node-gyp-bin;C:\Users\Landon\Desktop\bears-git\node_modules\.bin;C:\Program Files\Oculus\Support\oculus-runtime;C:\Windows\system32;C:\Windows;C:\Windows\System32\Wbem;C:\Windows\System32\WindowsPowerShell\v1.0\;D:\;C:\Program Files (x86)\NVIDIA Corporation\PhysX\Common;D:\Git\cmd;C:\Program Files\MySQL\MySQL Utilities 1.6\;C:\Program Files\dotnet\;C:\Program Files\Microsoft SQL Server\130\Tools\Binn\;C:\Users\Landon\AppData\Local\Microsoft\WindowsApps;C:\Users\Landon\AppData\Roaming\npm;C:\Users\Landon\Desktop\Heroku\bin;D:\Microsoft VS Code\bin
10 verbose lifecycle bears-team-13@1.0.0~start: CWD: C:\Users\Landon\Desktop\bears-git
11 silly lifecycle bears-team-13@1.0.0~start: Args: [ '/d /s /c', 'npm run server' ]
12 silly lifecycle bears-team-13@1.0.0~start: Returned: code: 1  signal: null
13 info lifecycle bears-team-13@1.0.0~start: Failed to exec start script
14 verbose stack Error: bears-team-13@1.0.0 start: `npm run server`
14 verbose stack Exit status 1
14 verbose stack     at EventEmitter.<anonymous> (D:\node_modules\npm\lib\utils\lifecycle.js:255:16)
14 verbose stack     at emitTwo (events.js:106:13)
14 verbose stack     at EventEmitter.emit (events.js:191:7)
14 verbose stack     at ChildProcess.<anonymous> (D:\node_modules\npm\lib\utils\spawn.js:40:14)
14 verbose stack     at emitTwo (events.js:106:13)
14 verbose stack     at ChildProcess.emit (events.js:191:7)
14 verbose stack     at maybeClose (internal/child_process.js:920:16)
14 verbose stack     at Process.ChildProcess._handle.onexit (internal/child_process.js:230:5)
15 verbose pkgid bears-team-13@1.0.0
16 verbose cwd C:\Users\Landon\Desktop\bears-git
17 error Windows_NT 10.0.16299
18 error argv "D:\\node.exe" "D:\\node_modules\\npm\\bin\\npm-cli.js" "start"
19 error node v6.11.5
20 error npm  v3.10.10
21 error code ELIFECYCLE
22 error bears-team-13@1.0.0 start: `npm run server`
22 error Exit status 1
23 error Failed at the bears-team-13@1.0.0 start script 'npm run server'.
23 error Make sure you have the latest version of node.js and npm installed.
23 error If you do, this is most likely a problem with the bears-team-13 package,
23 error not with npm itself.
23 error Tell the author that this fails on your system:
23 error     npm run server
23 error You can get information on how to open an issue for this project with:
23 error     npm bugs bears-team-13
23 error Or if that isn't available, you can get their info via:
23 error     npm owner ls bears-team-13
23 error There is likely additional logging output above.
24 verbose exit [ 1, true ]
